Building DAG of jobs...
Using shell: /bin/bash
Provided cores: 1
Rules claiming more threads will be scaled down.
Job counts:
	count	jobs
	1	ancestral
	1	clades
	1	export
	1	traits
	1	translate
	5

[Thu Apr 16 03:57:14 2020]
Job 4: Reconstructing ancestral sequences and mutations

[Thu Apr 16 03:57:16 2020]
Error in rule ancestral:
    jobid: 4
    output: results/nt_muts.json
    shell:
        
        augur ancestral             --tree results/tree.nwk             --alignment results/aligned.fasta             --output results/nt_muts.json             --inference joint
        

Shutting down, this might take some time.
Exiting because a job execution failed. Look above for error message
Complete log: /Users/anderson/GLab Dropbox/Anderson Brito/projects/ncov/nextstrain/template/.snakemake/log/2020-04-16T035714.747603.snakemake.log
