Building DAG of jobs...
Using shell: /bin/bash
Provided cores: 1
Rules claiming more threads will be scaled down.
Job counts:
	count	jobs
	1	align
	1	ancestral
	1	clades
	1	export
	1	filter
	1	mask
	1	refine
	1	traits
	1	translate
	1	tree
	10

[Thu Apr 16 03:44:56 2020]
Job 13: 
        Filtering to
          - excluding strains in config/dropped_strains.txt
        

[Thu Apr 16 03:44:58 2020]
Finished job 13.
1 of 10 steps (10%) done

[Thu Apr 16 03:44:58 2020]
Job 10: 
        Aligning sequences to config/reference.gb
          - filling gaps with N
        

[Thu Apr 16 03:48:30 2020]
Finished job 10.
2 of 10 steps (20%) done

[Thu Apr 16 03:48:30 2020]
Job 12: 
        Mask bases in alignment
          - masking 130 from beginning
          - masking 50 from end
          - masking other sites: 18529 29849 29851 29853
        

[Thu Apr 16 03:48:31 2020]
Finished job 12.
3 of 10 steps (30%) done

[Thu Apr 16 03:48:31 2020]
Job 9: Building tree

[Thu Apr 16 03:49:09 2020]
Finished job 9.
4 of 10 steps (40%) done

[Thu Apr 16 03:49:09 2020]
Job 1: 
        Refining tree
          - estimate timetree
          - use skyline coalescent timescale
          - estimate marginal node dates
        

[Thu Apr 16 03:54:51 2020]
Finished job 1.
5 of 10 steps (50%) done

[Thu Apr 16 03:54:51 2020]
Job 4: Reconstructing ancestral sequences and mutations

[Thu Apr 16 03:54:52 2020]
Error in rule ancestral:
    jobid: 4
    output: results/nt_muts.json
    shell:
        
        augur ancestral             --tree results/tree.nwk             --alignment results/aligned.fasta             --output results/nt_muts.json             --inference joint
        

Shutting down, this might take some time.
Exiting because a job execution failed. Look above for error message
Complete log: /Users/anderson/GLab Dropbox/Anderson Brito/projects/ncov/nextstrain/template/.snakemake/log/2020-04-16T034456.481732.snakemake.log
