Building DAG of jobs...
Using shell: /bin/bash
Provided cores: 1
Rules claiming more threads will be scaled down.
Job counts:
	count	jobs
	1	add_sequences
	1	colours
	1	coordinates
	1	download
	1	filter_metadata
	1	geoscheme
	1	preanalyses
	7

[Thu Apr 16 13:13:31 2020]
Job 5: 
		Filtering sequence files to:
		- Add selected and newly sequenced genomes
		- Prevent unwanted genomes from being incorporated in the initial dataset.
		

[Thu Apr 16 13:13:33 2020]
Finished job 5.
1 of 7 steps (14%) done

[Thu Apr 16 13:13:33 2020]
Job 6: Downloading metadata from nextstrain ncov github repository

[Thu Apr 16 13:13:34 2020]
Finished job 6.
2 of 7 steps (29%) done

[Thu Apr 16 13:13:34 2020]
Job 2: 
		Processing pre-analyses/temp_sequences.fasta to:
		- Filter only lines corresponding to genomes included in pre-analyses/temp_sequences.fasta
		- Reformat metadata by dropping or adding columns, and fixing some fields
		

[Thu Apr 16 13:13:36 2020]
Finished job 2.
3 of 7 steps (43%) done

[Thu Apr 16 13:13:36 2020]
Job 1: 
		Processing pre-analyses/metadata_filtered.tsv to:
		- Reformat columns according to geographic scheme in config/geoscheme.xml
		

[Thu Apr 16 13:13:37 2020]
Finished job 1.
4 of 7 steps (57%) done

[Thu Apr 16 13:13:37 2020]
Job 3: 
		Searching for coordinates (latitudes and longitudes) for samples in data/metadata.tsv
		

[Thu Apr 16 13:14:32 2020]
Finished job 3.
5 of 7 steps (71%) done

[Thu Apr 16 13:14:32 2020]
Job 4: 
		Assigning colour scheme for samples in data/metadata.tsv based on geoscheme
		

[Thu Apr 16 13:14:33 2020]
Finished job 4.
6 of 7 steps (86%) done

[Thu Apr 16 13:14:33 2020]
localrule preanalyses:
    input: data/metadata.tsv, data/sequences.fasta, config/latlongs.tsv, config/colors.tsv
    jobid: 0

[Thu Apr 16 13:14:33 2020]
Finished job 0.
7 of 7 steps (100%) done
Complete log: /Users/anderson/GLab Dropbox/Anderson Brito/projects/ncov/nextstrain/20200416_update2/.snakemake/log/2020-04-16T131331.872092.snakemake.log
