Building DAG of jobs...
Using shell: /bin/bash
Provided cores: 1
Rules claiming more threads will be scaled down.
Job counts:
	count	jobs
	1	align
	1	all
	1	ancestral
	1	clades
	1	colours
	1	coordinates
	1	export
	1	filter
	1	filter_metadata
	1	geoscheme
	1	mask
	1	refine
	1	traits
	1	translate
	1	tree
	15

[Thu Apr 16 13:30:58 2020]
Job 12: 
		Processing pre-analyses/temp_sequences.fasta to:
		- Filter only lines corresponding to genomes included in pre-analyses/temp_sequences.fasta
		- Reformat metadata by dropping or adding columns, and fixing some fields
		

[Thu Apr 16 13:31:00 2020]
Finished job 12.
1 of 15 steps (7%) done

[Thu Apr 16 13:31:00 2020]
Job 3: 
		Processing pre-analyses/metadata_filtered.tsv to:
		- Reformat columns according to geographic scheme in config/geoscheme.xml
		

[Thu Apr 16 13:31:01 2020]
Finished job 3.
2 of 15 steps (13%) done

[Thu Apr 16 13:31:01 2020]
Job 14: 
        Filtering to
          - excluding strains in config/dropped_strains.txt
        

[Thu Apr 16 13:31:03 2020]
Finished job 14.
3 of 15 steps (20%) done

[Thu Apr 16 13:31:03 2020]
Job 11: 
        Aligning sequences to config/reference.gb
          - filling gaps with N
        

Terminating processes on user request, this might take some time.
[Thu Apr 16 13:31:10 2020]
Error in rule align:
    jobid: 11
    output: results/aligned.fasta
    shell:
        
        augur align             --sequences results/filtered.fasta             --reference-sequence config/reference.gb             --output results/aligned.fasta             --fill-gaps
        

Removing output files of failed job align since they might be corrupted:
results/aligned.fasta
Complete log: /Users/anderson/GLab Dropbox/Anderson Brito/projects/ncov/nextstrain/20200416_update2/.snakemake/log/2020-04-16T133058.447124.snakemake.log
